-------------------------------------------------------------------------------
Test set: com.prueba.Calculadora2Test
-------------------------------------------------------------------------------
Tests run: 4, Failures: 1, Errors: 0, Skipped: 0, Time elapsed: 0.08 s <<< FAILURE! - in com.prueba.Calculadora2Test
testDividir  Time elapsed: 0.013 s  <<< FAILURE!
org.opentest4j.AssertionFailedError: La división de 4 y 2 debería ser 2 ==> expected: <2> but was: <6>
	at com.prueba.Calculadora2Test.testDividir(Calculadora2Test.java:36)

